{"C:\\Users\\Dharshini\\OneDrive\\Documents\\Dharshini\\FILES\\ZOHO\\WORK\\js-function\\func.js": {"path":"C:\\Users\\Dharshini\\OneDrive\\Documents\\Dharshini\\FILES\\ZOHO\\WORK\\js-function\\func.js","statementMap":{"0":{"start":{"line":3,"column":2},"end":{"line":3,"column":17}},"1":{"start":{"line":6,"column":0},"end":{"line":6,"column":34}}},"fnMap":{"0":{"name":"isPositiveNumber","decl":{"start":{"line":2,"column":9},"end":{"line":2,"column":25}},"loc":{"start":{"line":2,"column":31},"end":{"line":4,"column":1}},"line":2}},"branchMap":{},"s":{"0":8,"1":1},"f":{"0":8},"b":{},"_coverageSchema":"1a1c01bbd47fc00a2c39e90264f33305004495a9","hash":"fd3e2e2ee3ddb55bb940b1495b7f1e93b577eb6e"}
}
